The following files could not be copied to the new project directory
Saved/Logs/cef3.log
Saved/Logs/FPSLords_Stots_v_1.log
Saved/webcache_6613/first_party_sets.db
Saved/webcache_6613/first_party_sets.db-journal
Saved/webcache_6613/lockfile
Saved/webcache_6613/Default/Affiliation Database
Saved/webcache_6613/Default/BrowsingTopicsSiteData
Saved/webcache_6613/Default/DIPS
Saved/webcache_6613/Default/DIPS-journal
Saved/webcache_6613/Default/Favicons
Saved/webcache_6613/Default/heavy_ad_intervention_opt_out.db
Saved/webcache_6613/Default/History
Saved/webcache_6613/Default/History-journal
Saved/webcache_6613/Default/Login Data
Saved/webcache_6613/Default/Login Data For Account
Saved/webcache_6613/Default/Network Action Predictor
Saved/webcache_6613/segmentation_platform/ukm_db
Saved/webcache_6613/segmentation_platform/ukm_db-journal
Saved/webcache_6613/Default/SharedStorage
Saved/webcache_6613/Default/SharedStorage-wal
Saved/webcache_6613/Default/Top Sites
Saved/webcache_6613/Default/Visited Links
Saved/webcache_6613/Default/Web Data
Saved/webcache_6613/Default/Extension State/000003.log
Saved/webcache_6613/Default/Extension State/LOCK
Saved/webcache_6613/Default/Network/Cookies
Saved/webcache_6613/Default/Extension State/LOG
Saved/webcache_6613/Default/Extension State/MANIFEST-000001
Saved/webcache_6613/Default/Network/Cookies-journal
Saved/webcache_6613/Default/Network/Reporting and NEL
Saved/webcache_6613/Default/Safe Browsing Network/Safe Browsing Cookies
Saved/webcache_6613/Default/Network/Trust Tokens
Saved/webcache_6613/Default/shared_proto_db/000003.log
Saved/webcache_6613/Default/shared_proto_db/LOCK
Saved/webcache_6613/Default/shared_proto_db/LOG
Saved/webcache_6613/Default/Shared Dictionary/db
Saved/webcache_6613/Default/Site Characteristics Database/000003.log
Saved/webcache_6613/Default/Session Storage/000003.log
Saved/webcache_6613/Default/Site Characteristics Database/LOCK
Saved/webcache_6613/Default/Session Storage/LOCK
Saved/webcache_6613/Default/Site Characteristics Database/LOG
Saved/webcache_6613/Default/Session Storage/LOG
Saved/webcache_6613/Default/Site Characteristics Database/MANIFEST-000001
Saved/webcache_6613/Default/shared_proto_db/MANIFEST-000001
Saved/webcache_6613/Default/Session Storage/MANIFEST-000001
Saved/webcache_6613/Default/WebStorage/QuotaManager
Saved/webcache_6613/Default/Sync Data/LevelDB/000003.log
Saved/webcache_6613/Default/Sync Data/LevelDB/LOCK
Saved/webcache_6613/Default/Sync Data/LevelDB/LOG
Saved/webcache_6613/Default/Sync Data/LevelDB/MANIFEST-000001
Saved/webcache_6613/Default/shared_proto_db/metadata/000003.log
Saved/webcache_6613/Default/shared_proto_db/metadata/LOCK
Saved/webcache_6613/Default/shared_proto_db/metadata/LOG
Saved/webcache_6613/Default/shared_proto_db/metadata/MANIFEST-000001
Saved/webcache_6613/Default/Local Storage/leveldb/000003.log
Saved/webcache_6613/Default/Local Storage/leveldb/LOCK
Saved/webcache_6613/Default/Local Storage/leveldb/LOG
Saved/webcache_6613/Default/Local Storage/leveldb/MANIFEST-000001
Saved/webcache_6613/Default/GCM Store/Encryption/000003.log
Saved/webcache_6613/Default/GCM Store/Encryption/LOCK
Saved/webcache_6613/Default/GCM Store/Encryption/LOG
Saved/webcache_6613/Default/GCM Store/Encryption/MANIFEST-000001
Saved/webcache_6613/Default/Cache/Cache_Data/data_0
Saved/webcache_6613/Default/Cache/Cache_Data/data_1
Saved/webcache_6613/Default/Cache/Cache_Data/data_2
Saved/webcache_6613/Default/Cache/Cache_Data/data_3
Saved/webcache_6613/Default/Cache/Cache_Data/index